<?xml version="1.0" encoding="UTF-8"?>
<!-- Generated by org.testng.reporters.JUnitReportReporter -->
<testsuite hostname="DESKTOP-ODK1B5J" failures="0" tests="1" name="testcase.Login_Test" time="4.510" errors="0" timestamp="2024-11-14T16:47:49 IST" skipped="0">
  <testcase classname="testcase.Login_Test" name="Logintest" time="4.510"/>
</testsuite> <!-- testcase.Login_Test -->
